<?xml version="1.0" encoding="UTF-8"?>
<!-- Generated by org.testng.reporters.JUnitReportReporter -->
<testsuite hostname="LAPTOP-PCSNN475" failures="0" tests="4" name="AutomationTesting.tests.SubmitOrderTest" time="39.763" errors="0" timestamp="2025-01-02T15:20:14 IST" skipped="0">
  <testcase classname="AutomationTesting.tests.SubmitOrderTest" name="submitOrderTest" time="17.214"/>
  <system-out/>
  <testcase classname="AutomationTesting.tests.SubmitOrderTest" name="OrderHistoryTest" time="5.753"/>
  <system-out/>
  <testcase classname="AutomationTesting.tests.SubmitOrderTest" name="submitOrderTest" time="9.693"/>
  <system-out/>
  <testcase classname="AutomationTesting.tests.SubmitOrderTest" name="OrderHistoryTest" time="7.103"/>
  <system-out/>
</testsuite> <!-- AutomationTesting.tests.SubmitOrderTest -->
