<?xml version="1.0" encoding="UTF-8"?>
<!-- Generated by org.testng.reporters.JUnitReportReporter -->
<testsuite hostname="LAPTOP-PCSNN475" failures="0" tests="1" name="cucumber.TestNGTestRunner" time="3.993" errors="0" timestamp="2025-01-05T17:28:30 IST" skipped="0">
  <testcase classname="cucumber.TestNGTestRunner" name="runScenario" time="3.993"/>
  <system-out/>
</testsuite> <!-- cucumber.TestNGTestRunner -->
