<?xml version="1.0" encoding="UTF-8"?>
<!-- Generated by org.testng.reporters.JUnitReportReporter -->
<testsuite hostname="LAPTOP-PCSNN475" failures="0" tests="4" name="AutomationTesting.tests.SubmitOrderTest2UsingJsonFiles" time="21.793" errors="0" timestamp="2024-12-29T12:45:11 IST" skipped="0">
  <testcase classname="AutomationTesting.tests.SubmitOrderTest2UsingJsonFiles" name="OrderHistoryTest" time="4.685"/>
  <system-out/>
  <testcase classname="AutomationTesting.tests.SubmitOrderTest2UsingJsonFiles" name="submitOrderTest" time="7.491"/>
  <system-out/>
  <testcase classname="AutomationTesting.tests.SubmitOrderTest2UsingJsonFiles" name="submitOrderTest" time="6.109"/>
  <system-out/>
  <testcase classname="AutomationTesting.tests.SubmitOrderTest2UsingJsonFiles" name="OrderHistoryTest" time="3.508"/>
  <system-out/>
</testsuite> <!-- AutomationTesting.tests.SubmitOrderTest2UsingJsonFiles -->
