<?xml version="1.0" encoding="UTF-8"?>
<!-- Generated by org.testng.reporters.JUnitReportReporter -->
<testsuite hostname="LAPTOP-PCSNN475" failures="0" tests="4" name="AutomationTesting.tests.SubmitOrderTest2UsingHashMap" time="41.415" errors="0" timestamp="2024-12-29T11:41:22 IST" skipped="0">
  <testcase classname="AutomationTesting.tests.SubmitOrderTest2UsingHashMap" name="OrderHistoryTest" time="6.469"/>
  <system-out/>
  <testcase classname="AutomationTesting.tests.SubmitOrderTest2UsingHashMap" name="submitOrderTest" time="17.509"/>
  <system-out/>
  <testcase classname="AutomationTesting.tests.SubmitOrderTest2UsingHashMap" name="OrderHistoryTest" time="7.521"/>
  <system-out/>
  <testcase classname="AutomationTesting.tests.SubmitOrderTest2UsingHashMap" name="submitOrderTest" time="9.916"/>
  <system-out/>
</testsuite> <!-- AutomationTesting.tests.SubmitOrderTest2UsingHashMap -->
