<?xml version="1.0" encoding="UTF-8"?>
<!-- Generated by org.testng.reporters.JUnitReportReporter -->
<testsuite hostname="LAPTOP-PCSNN475" failures="0" tests="1" name="cucumber.TestNGTestRunner" time="4.282" errors="0" timestamp="2025-01-06T10:34:56 IST" skipped="0">
  <testcase classname="cucumber.TestNGTestRunner" name="runScenario" time="4.282"/>
</testsuite> <!-- cucumber.TestNGTestRunner -->
